#
# There is insufficient memory for the Java Runtime Environment to continue.
# Native memory allocation (mmap) failed to map 268435456 bytes for G1 virtual space
# Possible reasons:
#   The system is out of physical RAM or swap space
#   The process is running with CompressedOops enabled, and the Java Heap may be blocking the growth of the native heap
# Possible solutions:
#   Reduce memory load on the system
#   Increase physical memory or swap space
#   Check if swap backing store is full
#   Decrease Java heap size (-Xmx/-Xms)
#   Decrease number of Java threads
#   Decrease Java thread stack sizes (-Xss)
#   Set larger code cache with -XX:ReservedCodeCacheSize=
#   JVM is running with Zero Based Compressed Oops mode in which the Java heap is
#     placed in the first 32GB address space. The Java Heap base address is the
#     maximum limit for the native heap growth. Please use -XX:HeapBaseMinAddress
#     to set the Java Heap base and to place the Java Heap above 32GB virtual address.
# This output file may be truncated or incomplete.
#
#  Out of Memory Error (os_windows.cpp:3527), pid=10184, tid=12556
#
# JRE version:  (19.0.1+10) (build )
# Java VM: OpenJDK 64-Bit Server VM (19.0.1+10-21, mixed mode, sharing, tiered, compressed oops, compressed class ptrs, g1 gc, windows-amd64)
# No core dump will be written. Minidumps are not enabled by default on client versions of Windows
#

---------------  S U M M A R Y ------------

Command Line: -javaagent:C:\Program Files\JetBrains\IntelliJ IDEA 2022.3.2\lib\idea_rt.jar=3318:C:\Program Files\JetBrains\IntelliJ IDEA 2022.3.2\bin -Dfile.encoding=windows-1251 -Dsun.stdout.encoding=windows-1251 -Dsun.stderr.encoding=windows-1251 jm.task.core.jdbc.Main

Host: Intel(R) Core(TM) i7-3610QM CPU @ 2.30GHz, 8 cores, 15G,  Windows 10 , 64 bit Build 19041 (10.0.19041.1865)
Time: Wed Apr  3 12:36:28 2024 RTZ 2 (s 10 , 64 bit Build 19041 (10.0.19041.1865) elapsed time: 0.085046 seconds (0d 0h 0m 0s)

---------------  T H R E A D  ---------------

Current thread (0x0000018ffd79d880):  JavaThread "Unknown thread" [_thread_in_vm, id=12556, stack(0x00000088a3600000,0x00000088a3700000)]

Stack: [0x00000088a3600000,0x00000088a3700000]
Native frames: (J=compiled Java code, j=interpreted, Vv=VM code, C=native code)
V  [jvm.dll+0x6ee8fa]
V  [jvm.dll+0x857a1e]
V  [jvm.dll+0x85940e]
V  [jvm.dll+0x859ac3]
V  [jvm.dll+0x28291f]
V  [jvm.dll+0x6eb6e9]
V  [jvm.dll+0x6e028a]
V  [jvm.dll+0x357136]
V  [jvm.dll+0x35eb96]
V  [jvm.dll+0x3b555e]
V  [jvm.dll+0x3b578f]
V  [jvm.dll+0x32c6ea]
V  [jvm.dll+0x32d59e]
V  [jvm.dll+0x821b20]
V  [jvm.dll+0x3c27c1]
V  [jvm.dll+0x8022f1]
V  [jvm.dll+0x44b30f]
V  [jvm.dll+0x44cc91]
C  [jli.dll+0x5287]
C  [ucrtbase.dll+0x21bb2]
C  [KERNEL32.DLL+0x17034]
C  [ntdll.dll+0x52651]


---------------  P R O C E S S  ---------------

Threads class SMR info:
_java_thread_list=0x00007ffb7859d048, length=0, elements={
}

Java Threads: ( => current thread )

Other Threads:
  0x0000018ffd80b730 WorkerThread "GC Thread#0" [stack: 0x00000088a3700000,0x00000088a3800000] [id=27088]
  0x0000018ffd81e690 ConcurrentGCThread "G1 Main Marker" [stack: 0x00000088a3800000,0x00000088a3900000] [id=26488]
  0x0000018ffd821880 WorkerThread "G1 Conc#0" [stack: 0x00000088a3900000,0x00000088a3a00000] [id=8420]

[error occurred during error reporting (printing all threads), id 0xc0000005, EXCEPTION_ACCESS_VIOLATION (0xc0000005) at pc=0x00007ffb77d5d127]

VM state: not at safepoint (not fully initialized)

VM Mutex/Monitor currently owned by a thread:  ([mutex/lock_event])
[0x0000018ffd798630] Heap_lock - owner thread: 0x0000018ffd79d880

Heap address: 0x0000000701c00000, size: 4068 MB, Compressed Oops mode: Zero based, Oop shift amount: 3

CDS archive(s) mapped at: [0x0000000000000000-0x0000000000000000-0x0000000000000000), size 0, SharedBaseAddress: 0x0000000800000000, ArchiveRelocationMode: 0.
Narrow klass base: 0x0000000000000000, Narrow klass shift: 0, Narrow klass range: 0x0

GC Precious Log:
 CardTable entry size: 512
 Card Set container configuration: InlinePtr #cards 4 size 8 Array Of Cards #cards 16 size 48 Howl #buckets 8 coarsen threshold 3686 Howl Bitmap #cards 512 size 80 coarsen threshold 460 Card regions per heap region 1 cards per card region 4096

Heap:
 garbage-first heap   total 0K, used 0K [0x0000000701c00000, 0x0000000800000000)
  region size 2048K, 0 young (0K), 0 survivors (0K)

[error occurred during error reporting (printing heap information), id 0xc0000005, EXCEPTION_ACCESS_VIOLATION (0xc0000005) at pc=0x00007ffb78166959]

GC Heap History (0 events):
No events

Dll operation events (1 events):
Event: 0.052 Loaded shared library C:\Users\dvasi\.jdks\openjdk-19.0.1\bin\java.dll

Deoptimization events (0 events):
No events

Classes loaded (0 events):
No events

Classes unloaded (0 events):
No events

Classes redefined (0 events):
No events

Internal exceptions (0 events):
No events

VM Operations (0 events):
No events

Events (0 events):
No events


Dynamic libraries:
0x00007ff7ce9e0000 - 0x00007ff7ce9ee000 	C:\Users\dvasi\.jdks\openjdk-19.0.1\bin\java.exe
0x00007ffba6d10000 - 0x00007ffba6f08000 	C:\Windows\SYSTEM32\ntdll.dll
0x00007ffba5cf0000 - 0x00007ffba5dad000 	C:\Windows\System32\KERNEL32.DLL
0x00007ffba4a00000 - 0x00007ffba4ccf000 	C:\Windows\System32\KERNELBASE.dll
0x00007ffba4590000 - 0x00007ffba4690000 	C:\Windows\System32\ucrtbase.dll
0x00007ffb9bda0000 - 0x00007ffb9bdbb000 	C:\Users\dvasi\.jdks\openjdk-19.0.1\bin\VCRUNTIME140.dll
0x00007ffb8d4d0000 - 0x00007ffb8d4e7000 	C:\Users\dvasi\.jdks\openjdk-19.0.1\bin\jli.dll
0x00007ffba5f60000 - 0x00007ffba6100000 	C:\Windows\System32\USER32.dll
0x00007ffba30e0000 - 0x00007ffba337a000 	C:\Windows\WinSxS\amd64_microsoft.windows.common-controls_6595b64144ccf1df_6.0.19041.1110_none_60b5254171f9507e\COMCTL32.dll
0x00007ffba46e0000 - 0x00007ffba4702000 	C:\Windows\System32\win32u.dll
0x00007ffba4dd0000 - 0x00007ffba4e6e000 	C:\Windows\System32\msvcrt.dll
0x00007ffba6bd0000 - 0x00007ffba6bfa000 	C:\Windows\System32\GDI32.dll
0x00007ffba4850000 - 0x00007ffba495b000 	C:\Windows\System32\gdi32full.dll
0x00007ffba4960000 - 0x00007ffba49fd000 	C:\Windows\System32\msvcp_win.dll
0x00007ffba5120000 - 0x00007ffba5150000 	C:\Windows\System32\IMM32.DLL
0x00007ffb8d4c0000 - 0x00007ffb8d4cc000 	C:\Users\dvasi\.jdks\openjdk-19.0.1\bin\vcruntime140_1.dll
0x00007ffb79ae0000 - 0x00007ffb79b6e000 	C:\Users\dvasi\.jdks\openjdk-19.0.1\bin\msvcp140.dll
0x00007ffb77a20000 - 0x00007ffb786e0000 	C:\Users\dvasi\.jdks\openjdk-19.0.1\bin\server\jvm.dll
0x00007ffba6b20000 - 0x00007ffba6bce000 	C:\Windows\System32\ADVAPI32.dll
0x00007ffba6100000 - 0x00007ffba619c000 	C:\Windows\System32\sechost.dll
0x00007ffba4e70000 - 0x00007ffba4f95000 	C:\Windows\System32\RPCRT4.dll
0x00007ffb8e640000 - 0x00007ffb8e649000 	C:\Windows\SYSTEM32\WSOCK32.dll
0x00007ffba2910000 - 0x00007ffba2937000 	C:\Windows\SYSTEM32\WINMM.dll
0x00007ffb9bd70000 - 0x00007ffb9bd7a000 	C:\Windows\SYSTEM32\VERSION.dll
0x00007ffba5c80000 - 0x00007ffba5ceb000 	C:\Windows\System32\WS2_32.dll
0x00007ffba2220000 - 0x00007ffba2232000 	C:\Windows\SYSTEM32\kernel.appcore.dll
0x00007ffb8d4b0000 - 0x00007ffb8d4ba000 	C:\Users\dvasi\.jdks\openjdk-19.0.1\bin\jimage.dll
0x00007ffba1bd0000 - 0x00007ffba1db4000 	C:\Windows\SYSTEM32\DBGHELP.DLL
0x00007ffb942a0000 - 0x00007ffb942cc000 	C:\Windows\SYSTEM32\dbgcore.DLL
0x00007ffba47c0000 - 0x00007ffba4842000 	C:\Windows\System32\bcryptPrimitives.dll
0x00007ffba0920000 - 0x00007ffba092e000 	C:\Users\dvasi\.jdks\openjdk-19.0.1\bin\instrument.dll
0x00007ffb891b0000 - 0x00007ffb891d6000 	C:\Users\dvasi\.jdks\openjdk-19.0.1\bin\java.dll

dbghelp: loaded successfully - version: 4.0.5 - missing functions: none
symbol engine: initialized successfully - sym options: 0x614 - pdb path: .;C:\Users\dvasi\.jdks\openjdk-19.0.1\bin;C:\Windows\SYSTEM32;C:\Windows\WinSxS\amd64_microsoft.windows.common-controls_6595b64144ccf1df_6.0.19041.1110_none_60b5254171f9507e;C:\Users\dvasi\.jdks\openjdk-19.0.1\bin\server

VM Arguments:
jvm_args: -javaagent:C:\Program Files\JetBrains\IntelliJ IDEA 2022.3.2\lib\idea_rt.jar=3318:C:\Program Files\JetBrains\IntelliJ IDEA 2022.3.2\bin -Dfile.encoding=windows-1251 -Dsun.stdout.encoding=windows-1251 -Dsun.stderr.encoding=windows-1251 
java_command: jm.task.core.jdbc.Main
java_class_path (initial): C:\Users\dvasi\IdeaProjects\PP_1_1_3-4_JDBC_Hibernate\target\classes;C:\Users\dvasi\.m2\repository\mysql\mysql-connector-java\8.0.25\mysql-connector-java-8.0.25.jar;C:\Users\dvasi\.m2\repository\com\google\protobuf\protobuf-java\3.11.4\protobuf-java-3.11.4.jar;C:\Users\dvasi\.m2\repository\org\hibernate\javax\persistence\hibernate-jpa-2.1-api\1.0.2.Final\hibernate-jpa-2.1-api-1.0.2.Final.jar;C:\Users\dvasi\.m2\repository\org\hibernate\hibernate-core\5.6.3.Final\hibernate-core-5.6.3.Final.jar;C:\Users\dvasi\.m2\repository\org\jboss\logging\jboss-logging\3.4.2.Final\jboss-logging-3.4.2.Final.jar;C:\Users\dvasi\.m2\repository\javax\persistence\javax.persistence-api\2.2\javax.persistence-api-2.2.jar;C:\Users\dvasi\.m2\repository\net\bytebuddy\byte-buddy\1.11.20\byte-buddy-1.11.20.jar;C:\Users\dvasi\.m2\repository\antlr\antlr\2.7.7\antlr-2.7.7.jar;C:\Users\dvasi\.m2\repository\org\jboss\spec\javax\transaction\jboss-transaction-api_1.2_spec\1.1.1.Final\jboss-transaction-api_1.2_spec-1.1.1.Final.jar;C:\Users\dvasi\.m2\repository\org\jboss\jandex\2.2.3.Final\jandex-2.2.3.Final.jar;C:\Users\dvasi\.m2\repository\com\fasterxml\classmate\1.5.1\classmate-1.5.1.jar;C:\Users\dvasi\.m2\repository\javax\activation\javax.activation-api\1.2.0\javax.activation-api-1.2.0.jar;C:\Users\dvasi\.m2\repository\org\hibernate\common\hibernate-commons-annotations\5.1.2.Final\hibernate-commons-annotations-5.1.2.Final.jar;C:\Users\dvasi\.m2\repository\javax\xml\bind\jaxb-api\2.3.1\jaxb-api-2.3.1.jar;C:\Users\dvasi\.m2\repository\org\glassfish\jaxb\jaxb-runtime\2.3.1\jaxb-runtime-2.3.1.jar;C:\Users\dvasi\.m2\repository\org\glassfish\jaxb\txw2\2.3.1\txw2-2.3.1.jar;C:\Users\dvasi\.m2\repository\com\sun\istack\istack-commons-runtime\3.0.7\istack-commons-runtime-3.0.7.jar;C:\Users\dvasi\.m2\repository\org\jvnet\staxex\stax-ex\1.8\stax-ex-1.8.jar;C:\Users\dvasi\.m2\repository\com\sun\xml\fastinfoset\FastInfoset\1.2.15\FastInfoset-1.2.15.jar
Launcher Type: SUN_STANDARD

[Global flags]
     intx CICompilerCount                          = 4                                         {product} {ergonomic}
     uint ConcGCThreads                            = 2                                         {product} {ergonomic}
     uint G1ConcRefinementThreads                  = 8                                         {product} {ergonomic}
   size_t G1HeapRegionSize                         = 2097152                                   {product} {ergonomic}
    uintx GCDrainStackTargetSize                   = 64                                        {product} {ergonomic}
   size_t InitialHeapSize                          = 268435456                                 {product} {ergonomic}
   size_t MarkStackSize                            = 4194304                                   {product} {ergonomic}
   size_t MaxHeapSize                              = 4265607168                                {product} {ergonomic}
   size_t MinHeapDeltaBytes                        = 2097152                                   {product} {ergonomic}
   size_t MinHeapSize                              = 8388608                                   {product} {ergonomic}
    uintx NonNMethodCodeHeapSize                   = 5839372                                {pd product} {ergonomic}
    uintx NonProfiledCodeHeapSize                  = 122909434                              {pd product} {ergonomic}
    uintx ProfiledCodeHeapSize                     = 122909434                              {pd product} {ergonomic}
    uintx ReservedCodeCacheSize                    = 251658240                              {pd product} {ergonomic}
     bool SegmentedCodeCache                       = true                                      {product} {ergonomic}
   size_t SoftMaxHeapSize                          = 4265607168                             {manageable} {ergonomic}
     bool UseCompressedClassPointers               = true                           {product lp64_product} {ergonomic}
     bool UseCompressedOops                        = true                           {product lp64_product} {ergonomic}
     bool UseG1GC                                  = true                                      {product} {ergonomic}
     bool UseLargePagesIndividualAllocation        = false                                  {pd product} {ergonomic}

Logging:
Log output configuration:
 #0: stdout all=warning uptime,level,tags foldmultilines=false
 #1: stderr all=off uptime,level,tags foldmultilines=false

Environment Variables:
PATH=C:\Windows\system32;C:\Windows;C:\Windows\System32\Wbem;C:\Windows\System32\WindowsPowerShell\v1.0\;C:\Windows\System32\OpenSSH\;C:\Program Files (x86)\NVIDIA Corporation\PhysX\Common;C:\Program Files\Git\cmd;C:\Program Files\Docker\Docker\resources\bin;C:\Program Files\MySQL\MySQL Shell 8.0\bin\;C:\Users\dvasi\AppData\Local\Microsoft\WindowsApps;C:\Program Files (x86)\Nmap
USERNAME=ִלטענטי
OS=Windows_NT
PROCESSOR_IDENTIFIER=Intel64 Family 6 Model 58 Stepping 9, GenuineIntel
TMP=C:\Users\dvasi\AppData\Local\Temp
TEMP=C:\Users\dvasi\AppData\Local\Temp



---------------  S Y S T E M  ---------------

OS:
 Windows 10 , 64 bit Build 19041 (10.0.19041.1865)
OS uptime: 5 days 14:40 hours
Hyper-V role detected

CPU: total 8 (initial active 8) (4 cores per cpu, 2 threads per core) family 6 model 58 stepping 9 microcode 0x21, cx8, cmov, fxsr, ht, mmx, sse, sse2, sse3, ssse3, sse4.1, sse4.2, popcnt, tsc, tscinvbit, avx, aes, erms, clmul, vzeroupper, clflush, hv, rdtscp

Memory: 4k page, system-wide physical 16269M (1886M free)
TotalPageFile size 30566M (AvailPageFile size 111M)
current process WorkingSet (physical memory assigned to process): 10M, peak: 10M
current process commit charge ("private bytes"): 60M, peak: 316M

vm_info: OpenJDK 64-Bit Server VM (19.0.1+10-21) for windows-amd64 JRE (19.0.1+10-21), built on 2022-09-14T12:45:06Z by "mach5one" with MS VC++ 17.1 (VS2022)

END.
